Arguments: 
  C:\Program Files\nodejs\node.exe C:\Program Files (x86)\Yarn\bin\yarn.js init

PATH: 
  C:\Program Files\ImageMagick-7.0.1-Q16;C:\Program Files\NVIDIA GPU Computing Toolkit\CUDA\v10.0\bin;C:\Program Files\NVIDIA GPU Computing Toolkit\CUDA\v10.0\libnvvp;C:\Program Files (x86)\Common Files\Oracle\Java\javapath;D:\ProgramData\Anaconda3;D:\ProgramData\Anaconda3\Library\mingw-w64\bin;D:\ProgramData\Anaconda3\Library\usr\bin;D:\ProgramData\Anaconda3\Library\bin;D:\ProgramData\Anaconda3\Scripts;D:\Program Files\VanDyke Software\Clients\;D:\Program Files\Python37\Scripts\;D:\Program Files\Python37\;C:\Windows\system32;C:\Windows;C:\Windows\System32\Wbem;C:\Windows\System32\WindowsPowerShell\v1.0\;C:\Windows\System32\OpenSSH\;C:\Program Files (x86)\NVIDIA Corporation\PhysX\Common;C:\Program Files\Intel\WiFi\bin\;C:\Program Files\Common Files\Intel\WirelessCommon\;D:\Program Files\xampp\mysql\bin\;node_global\;D:\ProgramData\Anaconda3\;D:\ProgramData\Anaconda3\Scripts\;D:\ProgramData\Anaconda3\Lib\site-packages\;D:\ProgramData\Anaconda3\Lib\;D:\ProgramData\Anaconda3\Library\;D:\Program Files\gnuplot\bin\;C:\Program Files (x86)\Yarn\bin\;C:\Program Files\CMake\bin;C:\Program Files\Microsoft SQL Server\130\Tools\Binn\;C:\Program Files\NVIDIA GPU Computing Toolkit\CUDA\v10.0\lib\x64\;C:\Program Files\NVIDIA GPU Computing Toolkit\CUDA\v10.0\include\;C:\Program Files\NVIDIA GPU Computing Toolkit\CUDA\v10.0\extras\CUPTI\lib64\;C:\Program Files\NVIDIA GPU Computing Toolkit\CUDA\v10.0\lib\;D:\Program Files\opencv-3.4.7\build\x64\vc15\bin\;C:\Program Files\NVIDIA Corporation\NVIDIA NvDLISR;C:\Program Files\MySQL\MySQL Server 8.0\bin\;C:\Users\tsl-xietianliang\AppData\Local\Atlassian\SourceTree\git_local\cmd\;D:\ProgramData\nvm;C:\Program Files\nodejs;D:\ProgramData\nvm\;D:\Program Files\nodejs\node_global\;D:\Program Files\allure-commandline-2.13.3\allure-2.13.3\bin\;D:\Program Files\apache-maven-3.6.3\bin;C:\Program Files\Dart\dart-sdk\bin;C:\Users\tsl-xietianliang\AppData\Local\Programs\Microsoft VS Code\bin;D:\Program Files\Ruby26-x64\bin;C:\Users\tsl-xietianliang\AppData\Local\Microsoft\WindowsApps;;C:\Users\tsl-xietianliang\AppData\Local\Programs\Microsoft VS Code\bin;D:\Program Files\IntelliJ IDEA 2019.2.1\bin;;C:\Users\tsl-xietianliang\AppData\Local\Yarn\bin;C:\Users\tsl-xietianliang\AppData\Roaming\npm

Yarn version: 
  1.17.3

Node version: 
  12.16.0

Platform: 
  win32 x64

Trace: 
  Error: canceled
      at Interface.<anonymous> (C:\Program Files (x86)\Yarn\lib\cli.js:136724:13)
      at Interface.emit (events.js:321:20)
      at Interface._ttyWrite (readline.js:893:16)
      at ReadStream.onkeypress (readline.js:198:10)
      at ReadStream.emit (events.js:321:20)
      at emitKeys (internal/readline/utils.js:438:14)
      at emitKeys.next (<anonymous>)
      at ReadStream.onData (readline.js:1160:36)
      at ReadStream.emit (events.js:321:20)
      at addChunk (_stream_readable.js:294:12)

npm manifest: 
  No manifest

yarn manifest: 
  No manifest

Lockfile: 
  No lockfile
